<?xml version="1.0" encoding="UTF-8"?>
<testsuite xmlns:xsi="http://www.w3.org/2001/XMLSchema-instance" xsi:noNamespaceSchemaLocation="https://maven.apache.org/surefire/maven-surefire-plugin/xsd/surefire-test-report-3.0.xsd" version="3.0" name="RunCucumberTest" time="2.826" tests="2" errors="0" skipped="0" failures="0">
  <properties>
[...]
</properties>
  <testcase name="1. Create a task with title, description, and doneStatus=false" classname="Create a To-Do List Item" time="2.095">
    <system-out><![CDATA[Running scenario: 1. Create a task with title, description, and doneStatus=false
]]></system-out>
  </testcase>
  <testcase name="2. Create a task with title, description, and doneStatus=true" classname="Create a To-Do List Item" time="0.43">
    <system-out><![CDATA[Running scenario: 2. Create a task with title, description, and doneStatus=true
]]></system-out>
  </testcase>
</testsuite>